Flow report for Shifter_Q3
Sat Aug 23 14:12:47 2014
Quartus II 64-Bit Version 11.1 Build 173 11/01/2011 SJ Full Version


---------------------
; Table of Contents ;
---------------------
  1. Legal Notice
  2. Flow Summary
  3. Flow Settings
  4. Flow Non-Default Global Settings
  5. Flow Elapsed Time
  6. Flow OS Summary
  7. Flow Log



----------------
; Legal Notice ;
----------------
Copyright (C) 1991-2011 Altera Corporation
Your use of Altera Corporation's design tools, logic functions 
and other software and tools, and its AMPP partner logic 
functions, and any output files from any of the foregoing 
(including device programming or simulation files), and any 
associated documentation or information are expressly subject 
to the terms and conditions of the Altera Program License 
Subscription Agreement, Altera MegaCore Function License 
Agreement, or other applicable license agreement, including, 
without limitation, that your use is for the sole purpose of 
programming logic devices manufactured by Altera and sold by 
Altera or its authorized distributors.  Please refer to the 
applicable agreement for further details.



+--------------------------------------------------------------------------------+
; Flow Summary                                                                   ;
+------------------------------------+-------------------------------------------+
; Flow Status                        ; Successful - Sat Aug 23 14:12:46 2014     ;
; Quartus II 64-Bit Version          ; 11.1 Build 173 11/01/2011 SJ Full Version ;
; Revision Name                      ; Shifter_Q3                                ;
; Top-level Entity Name              ; Shifter_Q3                                ;
; Family                             ; Cyclone II                                ;
; Device                             ; EP2C35F672C6                              ;
; Timing Models                      ; Final                                     ;
; Total logic elements               ; 302 / 33,216 ( < 1 % )                    ;
;     Total combinational functions  ; 302 / 33,216 ( < 1 % )                    ;
;     Dedicated logic registers      ; 0 / 33,216 ( 0 % )                        ;
; Total registers                    ; 0                                         ;
; Total pins                         ; 71 / 475 ( 15 % )                         ;
; Total virtual pins                 ; 0                                         ;
; Total memory bits                  ; 0 / 483,840 ( 0 % )                       ;
; Embedded Multiplier 9-bit elements ; 0 / 70 ( 0 % )                            ;
; Total PLLs                         ; 0 / 4 ( 0 % )                             ;
+------------------------------------+-------------------------------------------+


+-----------------------------------------+
; Flow Settings                           ;
+-------------------+---------------------+
; Option            ; Setting             ;
+-------------------+---------------------+
; Start date & time ; 08/23/2014 14:12:29 ;
; Main task         ; Compilation         ;
; Revision Name     ; Shifter_Q3          ;
+-------------------+---------------------+


+------------------------------------------------------------------------------------------------------------------+
; Flow Non-Default Global Settings                                                                                 ;
+-------------------------------------+---------------------------------+---------------+-------------+------------+
; Assignment Name                     ; Value                           ; Default Value ; Entity Name ; Section Id ;
+-------------------------------------+---------------------------------+---------------+-------------+------------+
; COMPILER_SIGNATURE_ID               ; 273440548429819.140876714905376 ; --            ; --          ; --         ;
; MAX_CORE_JUNCTION_TEMP              ; 85                              ; --            ; --          ; --         ;
; MIN_CORE_JUNCTION_TEMP              ; 0                               ; --            ; --          ; --         ;
; PARTITION_COLOR                     ; 16764057                        ; --            ; --          ; Top        ;
; PARTITION_FITTER_PRESERVATION_LEVEL ; PLACEMENT_AND_ROUTING           ; --            ; --          ; Top        ;
; PARTITION_NETLIST_TYPE              ; SOURCE                          ; --            ; --          ; Top        ;
+-------------------------------------+---------------------------------+---------------+-------------+------------+


+-------------------------------------------------------------------------------------------------------------------------------+
; Flow Elapsed Time                                                                                                             ;
+---------------------------+--------------+-------------------------+---------------------+------------------------------------+
; Module Name               ; Elapsed Time ; Average Processors Used ; Peak Virtual Memory ; Total CPU Time (on all processors) ;
+---------------------------+--------------+-------------------------+---------------------+------------------------------------+
; Analysis & Synthesis      ; 00:00:09     ; 1.0                     ; 370 MB              ; 00:00:09                           ;
; Fitter                    ; 00:00:03     ; 3.0                     ; 555 MB              ; 00:00:04                           ;
; Assembler                 ; 00:00:02     ; 1.0                     ; 414 MB              ; 00:00:02                           ;
; TimeQuest Timing Analyzer ; 00:00:03     ; 1.0                     ; 420 MB              ; 00:00:03                           ;
; Total                     ; 00:00:17     ; --                      ; --                  ; 00:00:18                           ;
+---------------------------+--------------+-------------------------+---------------------+------------------------------------+


+----------------------------------------------------------------------------------------+
; Flow OS Summary                                                                        ;
+---------------------------+------------------+-----------+------------+----------------+
; Module Name               ; Machine Hostname ; OS Name   ; OS Version ; Processor type ;
+---------------------------+------------------+-----------+------------+----------------+
; Analysis & Synthesis      ; CEE-104002       ; Windows 7 ; 6.1        ; x86_64         ;
; Fitter                    ; CEE-104002       ; Windows 7 ; 6.1        ; x86_64         ;
; Assembler                 ; CEE-104002       ; Windows 7 ; 6.1        ; x86_64         ;
; TimeQuest Timing Analyzer ; CEE-104002       ; Windows 7 ; 6.1        ; x86_64         ;
+---------------------------+------------------+-----------+------------+----------------+


------------
; Flow Log ;
------------
quartus_map --read_settings_files=on --write_settings_files=off Shifter_Q3 -c Shifter_Q3
quartus_fit --read_settings_files=off --write_settings_files=off Shifter_Q3 -c Shifter_Q3
quartus_asm --read_settings_files=off --write_settings_files=off Shifter_Q3 -c Shifter_Q3
quartus_sta Shifter_Q3 -c Shifter_Q3



